<?xml version="1.0" encoding="UTF-8"?>
<robot generator="Robot 6.0.1 (Python 3.11.1 on win32)" generated="20221225 21:45:14.969" rpa="false" schemaversion="3">
<suite id="s1" name="RobotFrameWork" source="C:\Asoftware\RobotFrameWork">
<suite id="s1-s1" name="Ders5" source="C:\Asoftware\RobotFrameWork\Ders5.robot">
<test id="s1-s1-t1" name="Test01" line="6">
<kw name="Print Something">
<kw name="Log To Console" library="BuiltIn">
<arg>Hello World</arg>
<doc>Logs the given message to the console.</doc>
<status status="PASS" starttime="20221225 21:45:15.048" endtime="20221225 21:45:15.051"/>
</kw>
<status status="PASS" starttime="20221225 21:45:15.047" endtime="20221225 21:45:15.052"/>
</kw>
<kw name="Summation">
<kw name="Set Variable" library="BuiltIn">
<var>${num1}</var>
<arg>10</arg>
<doc>Returns the given values which can then be assigned to a variables.</doc>
<msg timestamp="20221225 21:45:15.056" level="INFO">${num1} = 10</msg>
<status status="PASS" starttime="20221225 21:45:15.055" endtime="20221225 21:45:15.057"/>
</kw>
<kw name="Set Variable" library="BuiltIn">
<var>${num2}</var>
<arg>5</arg>
<doc>Returns the given values which can then be assigned to a variables.</doc>
<msg timestamp="20221225 21:45:15.058" level="INFO">${num2} = 5</msg>
<status status="PASS" starttime="20221225 21:45:15.057" endtime="20221225 21:45:15.060"/>
</kw>
<kw name="Evaluate" library="BuiltIn">
<var>${sum}</var>
<arg>${num1}+${num2}</arg>
<doc>Evaluates the given expression in Python and returns the result.</doc>
<msg timestamp="20221225 21:45:15.062" level="INFO">${sum} = 15</msg>
<status status="PASS" starttime="20221225 21:45:15.061" endtime="20221225 21:45:15.063"/>
</kw>
<kw name="Log To Console" library="BuiltIn">
<arg>The sum of the numbers above: ${sum}</arg>
<doc>Logs the given message to the console.</doc>
<status status="PASS" starttime="20221225 21:45:15.063" endtime="20221225 21:45:15.065"/>
</kw>
<status status="PASS" starttime="20221225 21:45:15.053" endtime="20221225 21:45:15.066"/>
</kw>
<kw name="method with parameter">
<arg>this is the first method with parameter that I have ever created</arg>
<kw name="Log To Console" library="BuiltIn">
<arg>${script}</arg>
<doc>Logs the given message to the console.</doc>
<status status="PASS" starttime="20221225 21:45:15.076" endtime="20221225 21:45:15.079"/>
</kw>
<status status="PASS" starttime="20221225 21:45:15.072" endtime="20221225 21:45:15.080"/>
</kw>
<kw name="summation2">
<arg>10</arg>
<arg>23</arg>
<kw name="Evaluate" library="BuiltIn">
<var>${sum}</var>
<arg>${num1}+${num2}</arg>
<doc>Evaluates the given expression in Python and returns the result.</doc>
<msg timestamp="20221225 21:45:15.084" level="INFO">${sum} = 33</msg>
<status status="PASS" starttime="20221225 21:45:15.083" endtime="20221225 21:45:15.088"/>
</kw>
<kw name="Log To Console" library="BuiltIn">
<arg>The sum of the numbers above: ${sum}</arg>
<doc>Logs the given message to the console.</doc>
<status status="PASS" starttime="20221225 21:45:15.089" endtime="20221225 21:45:15.091"/>
</kw>
<status status="PASS" starttime="20221225 21:45:15.082" endtime="20221225 21:45:15.092"/>
</kw>
<kw name="print list">
<arg>1</arg>
<arg>2</arg>
<arg>3</arg>
<arg>4</arg>
<arg>6</arg>
<for flavor="IN">
<var>${e}</var>
<value>@{liste}</value>
<iter>
<var name="${e}">1</var>
<kw name="Log To Console" library="BuiltIn">
<arg>${e}</arg>
<doc>Logs the given message to the console.</doc>
<status status="PASS" starttime="20221225 21:45:15.097" endtime="20221225 21:45:15.099"/>
</kw>
<status status="PASS" starttime="20221225 21:45:15.096" endtime="20221225 21:45:15.099"/>
</iter>
<iter>
<var name="${e}">2</var>
<kw name="Log To Console" library="BuiltIn">
<arg>${e}</arg>
<doc>Logs the given message to the console.</doc>
<status status="PASS" starttime="20221225 21:45:15.100" endtime="20221225 21:45:15.102"/>
</kw>
<status status="PASS" starttime="20221225 21:45:15.100" endtime="20221225 21:45:15.102"/>
</iter>
<iter>
<var name="${e}">3</var>
<kw name="Log To Console" library="BuiltIn">
<arg>${e}</arg>
<doc>Logs the given message to the console.</doc>
<status status="PASS" starttime="20221225 21:45:15.105" endtime="20221225 21:45:15.108"/>
</kw>
<status status="PASS" starttime="20221225 21:45:15.103" endtime="20221225 21:45:15.110"/>
</iter>
<iter>
<var name="${e}">4</var>
<kw name="Log To Console" library="BuiltIn">
<arg>${e}</arg>
<doc>Logs the given message to the console.</doc>
<status status="PASS" starttime="20221225 21:45:15.110" endtime="20221225 21:45:15.111"/>
</kw>
<status status="PASS" starttime="20221225 21:45:15.110" endtime="20221225 21:45:15.112"/>
</iter>
<iter>
<var name="${e}">6</var>
<kw name="Log To Console" library="BuiltIn">
<arg>${e}</arg>
<doc>Logs the given message to the console.</doc>
<status status="PASS" starttime="20221225 21:45:15.116" endtime="20221225 21:45:15.119"/>
</kw>
<status status="PASS" starttime="20221225 21:45:15.113" endtime="20221225 21:45:15.119"/>
</iter>
<status status="PASS" starttime="20221225 21:45:15.094" endtime="20221225 21:45:15.120"/>
</for>
<status status="PASS" starttime="20221225 21:45:15.093" endtime="20221225 21:45:15.120"/>
</kw>
<status status="PASS" starttime="20221225 21:45:15.042" endtime="20221225 21:45:15.121"/>
</test>
<status status="PASS" starttime="20221225 21:45:15.019" endtime="20221225 21:45:15.132"/>
</suite>
<status status="PASS" starttime="20221225 21:45:14.976" endtime="20221225 21:45:15.138"/>
</suite>
<statistics>
<total>
<stat pass="1" fail="0" skip="0">All Tests</stat>
</total>
<tag>
</tag>
<suite>
<stat pass="1" fail="0" skip="0" id="s1" name="RobotFrameWork">RobotFrameWork</stat>
<stat pass="1" fail="0" skip="0" id="s1-s1" name="Ders5">RobotFrameWork.Ders5</stat>
</suite>
</statistics>
<errors>
</errors>
</robot>
